Mensaje I / 00:00:00:000 / Root(00) para top(01)
Mensaje I / 00:00:00:000 / top(01) para receiver(02)
Mensaje D / 00:00:00:000 / receiver(02) / ... para top(01)
Mensaje D / 00:00:00:000 / top(01) / ... para Root(00)
Mensaje X / 00:00:10:000 / Root(00) / in /    102.00000 para top(01)
Mensaje X / 00:00:10:000 / top(01) / in /    102.00000 para receiver(02)
Mensaje D / 00:00:10:000 / receiver(02) / 00:00:01:000 para top(01)
Mensaje D / 00:00:10:000 / top(01) / 00:00:01:000 para Root(00)
Mensaje * / 00:00:11:000 / Root(00) para top(01)
Mensaje * / 00:00:11:000 / top(01) para receiver(02)
Mensaje Y / 00:00:11:000 / receiver(02) / out /      2.00000 para top(01)
Mensaje D / 00:00:11:000 / receiver(02) / ... para top(01)
Mensaje Y / 00:00:11:000 / top(01) / out /      2.00000 para Root(00)
Mensaje D / 00:00:11:000 / top(01) / ... para Root(00)
Mensaje X / 00:00:30:000 / Root(00) / in /    200.00000 para top(01)
Mensaje X / 00:00:30:000 / top(01) / in /    200.00000 para receiver(02)
Mensaje D / 00:00:30:000 / receiver(02) / 00:00:01:000 para top(01)
Mensaje D / 00:00:30:000 / top(01) / 00:00:01:000 para Root(00)
Mensaje * / 00:00:31:000 / Root(00) para top(01)
Mensaje * / 00:00:31:000 / top(01) para receiver(02)
Mensaje Y / 00:00:31:000 / receiver(02) / out /      0.00000 para top(01)
Mensaje D / 00:00:31:000 / receiver(02) / ... para top(01)
Mensaje Y / 00:00:31:000 / top(01) / out /      0.00000 para Root(00)
Mensaje D / 00:00:31:000 / top(01) / ... para Root(00)
Mensaje X / 00:01:00:000 / Root(00) / in /    311.00000 para top(01)
Mensaje X / 00:01:00:000 / top(01) / in /    311.00000 para receiver(02)
Mensaje D / 00:01:00:000 / receiver(02) / 00:00:01:000 para top(01)
Mensaje D / 00:01:00:000 / top(01) / 00:00:01:000 para Root(00)
Mensaje * / 00:01:01:000 / Root(00) para top(01)
Mensaje * / 00:01:01:000 / top(01) para receiver(02)
Mensaje Y / 00:01:01:000 / receiver(02) / out /      1.00000 para top(01)
Mensaje D / 00:01:01:000 / receiver(02) / ... para top(01)
Mensaje Y / 00:01:01:000 / top(01) / out /      1.00000 para Root(00)
Mensaje D / 00:01:01:000 / top(01) / ... para Root(00)
Mensaje X / 00:01:30:000 / Root(00) / in /    312.00000 para top(01)
Mensaje X / 00:01:30:000 / top(01) / in /    312.00000 para receiver(02)
Mensaje D / 00:01:30:000 / receiver(02) / 00:00:01:000 para top(01)
Mensaje D / 00:01:30:000 / top(01) / 00:00:01:000 para Root(00)
Mensaje X / 00:01:31:000 / Root(00) / in /    313.00000 para top(01)
Mensaje X / 00:01:31:000 / top(01) / in /    313.00000 para receiver(02)
Mensaje D / 00:01:31:000 / receiver(02) / 00:00:01:000 para top(01)
Mensaje D / 00:01:31:000 / top(01) / 00:00:01:000 para Root(00)
Mensaje * / 00:01:32:000 / Root(00) para top(01)
Mensaje * / 00:01:32:000 / top(01) para receiver(02)
Mensaje Y / 00:01:32:000 / receiver(02) / out /      3.00000 para top(01)
Mensaje D / 00:01:32:000 / receiver(02) / ... para top(01)
Mensaje Y / 00:01:32:000 / top(01) / out /      3.00000 para Root(00)
Mensaje D / 00:01:32:000 / top(01) / ... para Root(00)
Mensaje X / 00:02:00:000 / Root(00) / in /    400.00000 para top(01)
Mensaje X / 00:02:00:000 / top(01) / in /    400.00000 para receiver(02)
Mensaje D / 00:02:00:000 / receiver(02) / 00:00:01:000 para top(01)
Mensaje D / 00:02:00:000 / top(01) / 00:00:01:000 para Root(00)
Mensaje * / 00:02:01:000 / Root(00) para top(01)
Mensaje * / 00:02:01:000 / top(01) para receiver(02)
Mensaje Y / 00:02:01:000 / receiver(02) / out /      0.00000 para top(01)
Mensaje D / 00:02:01:000 / receiver(02) / ... para top(01)
Mensaje Y / 00:02:01:000 / top(01) / out /      0.00000 para Root(00)
Mensaje D / 00:02:01:000 / top(01) / ... para Root(00)
Mensaje X / 00:02:30:000 / Root(00) / in /    401.00000 para top(01)
Mensaje X / 00:02:30:000 / top(01) / in /    401.00000 para receiver(02)
Mensaje D / 00:02:30:000 / receiver(02) / 00:00:01:000 para top(01)
Mensaje D / 00:02:30:000 / top(01) / 00:00:01:000 para Root(00)
Mensaje * / 00:02:31:000 / Root(00) para top(01)
Mensaje * / 00:02:31:000 / top(01) para receiver(02)
Mensaje Y / 00:02:31:000 / receiver(02) / out /      1.00000 para top(01)
Mensaje D / 00:02:31:000 / receiver(02) / ... para top(01)
Mensaje Y / 00:02:31:000 / top(01) / out /      1.00000 para Root(00)
Mensaje D / 00:02:31:000 / top(01) / ... para Root(00)
Mensaje X / 00:03:00:000 / Root(00) / in /    512.00000 para top(01)
Mensaje X / 00:03:00:000 / top(01) / in /    512.00000 para receiver(02)
Mensaje D / 00:03:00:000 / receiver(02) / 00:00:01:000 para top(01)
Mensaje D / 00:03:00:000 / top(01) / 00:00:01:000 para Root(00)
Mensaje * / 00:03:01:000 / Root(00) para top(01)
Mensaje * / 00:03:01:000 / top(01) para receiver(02)
Mensaje Y / 00:03:01:000 / receiver(02) / out /      2.00000 para top(01)
Mensaje D / 00:03:01:000 / receiver(02) / ... para top(01)
Mensaje Y / 00:03:01:000 / top(01) / out /      2.00000 para Root(00)
Mensaje D / 00:03:01:000 / top(01) / ... para Root(00)
