Mensaje I / 00:00:00:000 / Root(00) para top(01)
Mensaje I / 00:00:00:000 / top(01) para timer(02)
Mensaje D / 00:00:00:000 / timer(02) / ... para top(01)
Mensaje D / 00:00:00:000 / top(01) / ... para Root(00)
Mensaje X / 00:00:10:000 / Root(00) / trigger /      2.00000 para top(01)
Mensaje X / 00:00:10:000 / top(01) / trigger /      2.00000 para timer(02)
Mensaje D / 00:00:10:000 / timer(02) / 00:00:20:000 para top(01)
Mensaje D / 00:00:10:000 / top(01) / 00:00:20:000 para Root(00)
Mensaje * / 00:00:30:000 / Root(00) para top(01)
Mensaje * / 00:00:30:000 / top(01) para timer(02)
Mensaje Y / 00:00:30:000 / timer(02) / timeoutsig /      1.00000 para top(01)
Mensaje D / 00:00:30:000 / timer(02) / 00:00:20:000 para top(01)
Mensaje Y / 00:00:30:000 / top(01) / timeoutsig /      1.00000 para Root(00)
Mensaje D / 00:00:30:000 / top(01) / 00:00:20:000 para Root(00)
Mensaje X / 00:00:35:000 / Root(00) / reset /      1.00000 para top(01)
Mensaje X / 00:00:35:000 / top(01) / reset /      1.00000 para timer(02)
Mensaje D / 00:00:35:000 / timer(02) / 00:00:00:000 para top(01)
Mensaje D / 00:00:35:000 / top(01) / 00:00:00:000 para Root(00)
Mensaje * / 00:00:35:000 / Root(00) para top(01)
Mensaje * / 00:00:35:000 / top(01) para timer(02)
Mensaje Y / 00:00:35:000 / timer(02) / timeoutsig /      0.00000 para top(01)
Mensaje D / 00:00:35:000 / timer(02) / ... para top(01)
Mensaje Y / 00:00:35:000 / top(01) / timeoutsig /      0.00000 para Root(00)
Mensaje D / 00:00:35:000 / top(01) / ... para Root(00)
Mensaje X / 00:00:45:000 / Root(00) / trigger /      2.00000 para top(01)
Mensaje X / 00:00:45:000 / top(01) / trigger /      2.00000 para timer(02)
Mensaje D / 00:00:45:000 / timer(02) / 00:00:20:000 para top(01)
Mensaje D / 00:00:45:000 / top(01) / 00:00:20:000 para Root(00)
Mensaje X / 00:01:00:000 / Root(00) / trigger /      2.00000 para top(01)
Mensaje X / 00:01:00:000 / top(01) / trigger /      2.00000 para timer(02)
Mensaje D / 00:01:00:000 / timer(02) / 00:00:20:000 para top(01)
Mensaje D / 00:01:00:000 / top(01) / 00:00:20:000 para Root(00)
Mensaje * / 00:01:20:000 / Root(00) para top(01)
Mensaje * / 00:01:20:000 / top(01) para timer(02)
Mensaje Y / 00:01:20:000 / timer(02) / timeoutsig /      1.00000 para top(01)
Mensaje D / 00:01:20:000 / timer(02) / 00:00:20:000 para top(01)
Mensaje Y / 00:01:20:000 / top(01) / timeoutsig /      1.00000 para Root(00)
Mensaje D / 00:01:20:000 / top(01) / 00:00:20:000 para Root(00)
Mensaje * / 00:01:40:000 / Root(00) para top(01)
Mensaje * / 00:01:40:000 / top(01) para timer(02)
Mensaje Y / 00:01:40:000 / timer(02) / timeoutsig /      0.00000 para top(01)
Mensaje D / 00:01:40:000 / timer(02) / ... para top(01)
Mensaje Y / 00:01:40:000 / top(01) / timeoutsig /      0.00000 para Root(00)
Mensaje D / 00:01:40:000 / top(01) / ... para Root(00)
Mensaje X / 00:02:10:000 / Root(00) / trigger /      2.00000 para top(01)
Mensaje X / 00:02:10:000 / top(01) / trigger /      2.00000 para timer(02)
Mensaje D / 00:02:10:000 / timer(02) / 00:00:20:000 para top(01)
Mensaje D / 00:02:10:000 / top(01) / 00:00:20:000 para Root(00)
Mensaje X / 00:02:20:000 / Root(00) / trigger /      2.00000 para top(01)
Mensaje X / 00:02:20:000 / top(01) / trigger /      2.00000 para timer(02)
Mensaje D / 00:02:20:000 / timer(02) / 00:00:20:000 para top(01)
Mensaje D / 00:02:20:000 / top(01) / 00:00:20:000 para Root(00)
Mensaje X / 00:02:25:000 / Root(00) / trigger /      2.00000 para top(01)
Mensaje X / 00:02:25:000 / top(01) / trigger /      2.00000 para timer(02)
Mensaje D / 00:02:25:000 / timer(02) / 00:00:20:000 para top(01)
Mensaje D / 00:02:25:000 / top(01) / 00:00:20:000 para Root(00)
Mensaje * / 00:02:45:000 / Root(00) para top(01)
Mensaje * / 00:02:45:000 / top(01) para timer(02)
Mensaje Y / 00:02:45:000 / timer(02) / timeoutsig /      1.00000 para top(01)
Mensaje D / 00:02:45:000 / timer(02) / 00:00:20:000 para top(01)
Mensaje Y / 00:02:45:000 / top(01) / timeoutsig /      1.00000 para Root(00)
Mensaje D / 00:02:45:000 / top(01) / 00:00:20:000 para Root(00)
Mensaje * / 00:03:05:000 / Root(00) para top(01)
Mensaje * / 00:03:05:000 / top(01) para timer(02)
Mensaje Y / 00:03:05:000 / timer(02) / timeoutsig /      0.00000 para top(01)
Mensaje D / 00:03:05:000 / timer(02) / ... para top(01)
Mensaje Y / 00:03:05:000 / top(01) / timeoutsig /      0.00000 para Root(00)
Mensaje D / 00:03:05:000 / top(01) / ... para Root(00)
Mensaje X / 00:04:10:000 / Root(00) / trigger /      2.00000 para top(01)
Mensaje X / 00:04:10:000 / top(01) / trigger /      2.00000 para timer(02)
Mensaje D / 00:04:10:000 / timer(02) / 00:00:20:000 para top(01)
Mensaje D / 00:04:10:000 / top(01) / 00:00:20:000 para Root(00)
Mensaje * / 00:04:30:000 / Root(00) para top(01)
Mensaje * / 00:04:30:000 / top(01) para timer(02)
Mensaje Y / 00:04:30:000 / timer(02) / timeoutsig /      1.00000 para top(01)
Mensaje D / 00:04:30:000 / timer(02) / 00:00:20:000 para top(01)
Mensaje Y / 00:04:30:000 / top(01) / timeoutsig /      1.00000 para Root(00)
Mensaje D / 00:04:30:000 / top(01) / 00:00:20:000 para Root(00)
Mensaje * / 00:04:50:000 / Root(00) para top(01)
Mensaje * / 00:04:50:000 / top(01) para timer(02)
Mensaje Y / 00:04:50:000 / timer(02) / timeoutsig /      0.00000 para top(01)
Mensaje D / 00:04:50:000 / timer(02) / ... para top(01)
Mensaje Y / 00:04:50:000 / top(01) / timeoutsig /      0.00000 para Root(00)
Mensaje D / 00:04:50:000 / top(01) / ... para Root(00)
Mensaje X / 00:06:10:000 / Root(00) / trigger /      2.00000 para top(01)
Mensaje X / 00:06:10:000 / top(01) / trigger /      2.00000 para timer(02)
Mensaje D / 00:06:10:000 / timer(02) / 00:00:20:000 para top(01)
Mensaje D / 00:06:10:000 / top(01) / 00:00:20:000 para Root(00)
Mensaje * / 00:06:30:000 / Root(00) para top(01)
Mensaje * / 00:06:30:000 / top(01) para timer(02)
Mensaje Y / 00:06:30:000 / timer(02) / timeoutsig /      1.00000 para top(01)
Mensaje D / 00:06:30:000 / timer(02) / 00:00:20:000 para top(01)
Mensaje Y / 00:06:30:000 / top(01) / timeoutsig /      1.00000 para Root(00)
Mensaje D / 00:06:30:000 / top(01) / 00:00:20:000 para Root(00)
Mensaje * / 00:06:50:000 / Root(00) para top(01)
Mensaje * / 00:06:50:000 / top(01) para timer(02)
Mensaje Y / 00:06:50:000 / timer(02) / timeoutsig /      0.00000 para top(01)
Mensaje D / 00:06:50:000 / timer(02) / ... para top(01)
Mensaje Y / 00:06:50:000 / top(01) / timeoutsig /      0.00000 para Root(00)
Mensaje D / 00:06:50:000 / top(01) / ... para Root(00)
